<?xml version="1.0" encoding="UTF-8"?>
<!-- Generated by org.testng.reporters.JUnitReportReporter -->
<testsuite hostname="DESKTOP-517KC4A" failures="0" tests="1" name="newurl_program.testsite.maven_test" time="58.180" errors="0" timestamp="2023-12-12T23:26:57 IST" skipped="0">
  <testcase classname="newurl_program.testsite.maven_test" name="website" time="58.180"/>
</testsuite> <!-- newurl_program.testsite.maven_test -->
