<?xml version="1.0" encoding="UTF-8"?>
<!-- Generated by org.testng.reporters.JUnitReportReporter -->
<testsuite hostname="DESKTOP-517KC4A" failures="0" tests="1" name="newurl_program.testsite.clientpage" time="50.416" errors="0" timestamp="2023-12-13T00:00:12 IST" skipped="0">
  <testcase classname="newurl_program.testsite.clientpage" name="website" time="50.416"/>
</testsuite> <!-- newurl_program.testsite.clientpage -->
