<?xml version="1.0" encoding="UTF-8"?>
<!-- Generated by org.testng.reporters.JUnitReportReporter -->
<testsuite hostname="DESKTOP-517KC4A" failures="0" tests="1" name="TestNGRunner" time="50.293" errors="0" timestamp="2023-12-21T21:52:07 IST" skipped="0">
  <testcase classname="TestNGRunner" name="runScenario" time="50.293"/>
</testsuite> <!-- TestNGRunner -->
